This is pdfTeX, Version 3.141592653-2.6-1.40.24 (MiKTeX 22.3) (preloaded format=pdflatex 2022.5.21)  28 JUL 2022 16:45
entering extended mode
 restricted \write18 enabled.
 %&-line parsing enabled.
**./abschlussarbeit.tex
(abschlussarbeit.tex
LaTeX2e <2021-11-15> patch level 1
L3 programming layer <2022-02-24>
(C:\Users\Benedikt Jensen\AppData\Local\Programs\MiKTeX\tex/latex/memoir\memoir
.cls
Document Class: memoir 2022/02/20 v3.7q configurable book, report, article docu
ment class

(C:\Users\Benedikt Jensen\AppData\Local\Programs\MiKTeX\tex/latex/etoolbox\etoo
lbox.sty
Package: etoolbox 2020/10/05 v2.5k e-TeX tools for LaTeX (JAW)
\etb@tempcnta=\count185
)
\onelineskip=\skip47
\lxvchars=\skip48
\xlvchars=\skip49
\@memcnta=\count186
\c@@memmarkcntra=\count187

(C:\Users\Benedikt Jensen\AppData\Local\Programs\MiKTeX\tex/generic/iftex\iftex
.sty
Package: iftex 2022/02/03 v1.0f TeX engine tests
)
\stockheight=\skip50
\stockwidth=\skip51
\trimtop=\skip52
\trimedge=\skip53

(C:\Users\Benedikt Jensen\AppData\Local\Programs\MiKTeX\tex/latex/memoir\mem11.
clo
File: mem11.clo 2008/01/30 v0.3 memoir class 11pt size option
)
\binding=\skip54
\spinemargin=\skip55
\foremargin=\skip56
\uppermargin=\skip57
\lowermargin=\skip58
\headdrop=\skip59
\normalrulethickness=\skip60
\mem@maxheadheight=\skip61
\mem@maxfootheight=\skip62
\headwidth=\skip63
\c@storedpagenumber=\count188
\memPD=\dimen138
\m@mabparskip=\skip64
\thanksmarkwidth=\skip65
\thanksmarksep=\skip66
\droptitle=\skip67
\c@book=\count189
\c@part=\count190
\c@chapter=\count191
\c@section=\count192
\c@subsection=\count193
\c@subsubsection=\count194
\c@paragraph=\count195
\c@subparagraph=\count196
\beforechapskip=\skip68
\midchapskip=\skip69
\afterchapskip=\skip70
\chapindent=\skip71
\bottomsectionskip=\skip72
\secindent=\skip73
\beforesecskip=\skip74
\aftersecskip=\skip75
\subsecindent=\skip76
\beforesubsecskip=\skip77
\aftersubsecskip=\skip78
\subsubsecindent=\skip79
\beforesubsubsecskip=\skip80
\aftersubsubsecskip=\skip81
\paraindent=\skip82
\beforeparaskip=\skip83
\afterparaskip=\skip84
\subparaindent=\skip85
\beforesubparaskip=\skip86
\aftersubparaskip=\skip87
\pfbreakskip=\skip88
\c@@ppsavesec=\count197
\c@@ppsaveapp=\count198
\ragrparindent=\dimen139
\everylistparindent=\dimen140
\parsepi=\skip89
\topsepi=\skip90
\itemsepi=\skip91
\parsepii=\skip92
\topsepii=\skip93
\topsepiii=\skip94
\itemsepii=\skip95
\itemsepiii=\skip96
\partopsepii=\skip97
\partopsepiii=\skip98
\m@msavetopsep=\skip99
\m@msavepartopsep=\skip100
\@enLab=\toks16
\abstitleskip=\skip101
\absleftindent=\skip102
\abs@leftindent=\dimen141
\absrightindent=\skip103
\absparindent=\skip104
\absparsep=\skip105
\c@vslineno=\count199
\c@poemline=\count266
\c@modulo@vs=\count267
\c@memfvsline=\count268
\vleftskip=\skip106
\vrightskip=\skip107
\stanzaskip=\skip108
\versewidth=\skip109
\vgap=\skip110
\vindent=\skip111
\vleftmargin=\dimen142
\c@verse=\count269
\c@chrsinstr=\count270
\beforepoemtitleskip=\skip112
\afterpoemtitleskip=\skip113
\c@poem=\count271
\beforePoemTitleskip=\skip114
\midPoemTitleskip=\skip115
\afterPoemTitleskip=\skip116

(C:\Users\Benedikt Jensen\AppData\Local\Programs\MiKTeX\tex/latex/tools\array.s
ty
Package: array 2021/10/04 v2.5f Tabular extension package (FMi)
\col@sep=\dimen143
\ar@mcellbox=\box50
\extrarowheight=\dimen144
\NC@list=\toks17
\extratabsurround=\skip117
\backup@length=\skip118
\ar@cellbox=\box51
)
(C:\Users\Benedikt Jensen\AppData\Local\Programs\MiKTeX\tex/latex/tools\dcolumn
.sty
Package: dcolumn 2014/10/28 v1.06 decimal alignment package (DPC)
)
(C:\Users\Benedikt Jensen\AppData\Local\Programs\MiKTeX\tex/latex/tools\delarra
y.sty
Package: delarray 2014/10/28 v1.01 array delimiter package (DPC)
)
(C:\Users\Benedikt Jensen\AppData\Local\Programs\MiKTeX\tex/latex/tools\tabular
x.sty
Package: tabularx 2020/01/15 v2.11c `tabularx' package (DPC)
\TX@col@width=\dimen145
\TX@old@table=\dimen146
\TX@old@col=\dimen147
\TX@target=\dimen148
\TX@delta=\dimen149
\TX@cols=\count272
\TX@ftn=\toks18
)
\heavyrulewidth=\dimen150
\lightrulewidth=\dimen151
\cmidrulewidth=\dimen152
\belowrulesep=\dimen153
\belowbottomsep=\dimen154
\aboverulesep=\dimen155
\abovetopsep=\dimen156
\cmidrulesep=\dimen157
\cmidrulekern=\dimen158
\defaultaddspace=\dimen159
\@cmidla=\count273
\@cmidlb=\count274
\@aboverulesep=\dimen160
\@belowrulesep=\dimen161
\@thisruleclass=\count275
\@lastruleclass=\count276
\@thisrulewidth=\dimen162
\ctableftskip=\skip119
\ctabrightskip=\skip120
\abovecolumnspenalty=\count277
\@linestogo=\count278
\@cellstogo=\count279
\@cellsincolumn=\count280
\crtok=\toks19
\@mincolumnwidth=\dimen163
\c@newflo@tctr=\count281
\mem@margin@floatbox=\box52
\@contcwidth=\skip121
\@contindw=\skip122
\abovecaptionskip=\skip123
\belowcaptionskip=\skip124
\subfloattopskip=\skip125
\subfloatcapskip=\skip126
\subfloatcaptopadj=\skip127
\subfloatbottomskip=\skip128
\subfloatlabelskip=\skip129
\subfloatcapmargin=\dimen164
\c@@contsubnum=\count282
\m@mscap@capbox=\box53
\m@mscap@fbox=\box54
\sidecapsep=\dimen165
\sidecapwidth=\dimen166
\m@m@tempdima=\dimen167
\m@mscapraise=\dimen168
\sidecapraise=\dimen169
\m@mscapmainwidth=\dimen170
\m@mscaplkern=\dimen171
\beforeepigraphskip=\skip130
\afterepigraphskip=\skip131
\epigraphwidth=\skip132
\epigraphrule=\skip133
LaTeX Info: Redefining \em on input line 7655.
LaTeX Info: Redefining \emph on input line 7663.
\tocentryskip=\skip134
\tocbaseline=\skip135
\cftparskip=\skip136
\cftbeforebookskip=\skip137
\cftbookindent=\dimen172
\cftbooknumwidth=\dimen173
\cftbeforepartskip=\skip138
\cftpartindent=\skip139
\cftpartnumwidth=\skip140
\cftbeforechapterskip=\skip141
\cftchapterindent=\skip142
\cftchapternumwidth=\skip143
\cftbeforesectionskip=\skip144
\cftsectionindent=\skip145
\cftsectionnumwidth=\skip146
\cftbeforesubsectionskip=\skip147
\cftsubsectionindent=\skip148
\cftsubsectionnumwidth=\skip149
\cftbeforesubsubsectionskip=\skip150
\cftsubsubsectionindent=\skip151
\cftsubsubsectionnumwidth=\skip152
\cftbeforeparagraphskip=\skip153
\cftparagraphindent=\skip154
\cftparagraphnumwidth=\skip155
\cftbeforesubparagraphskip=\skip156
\cftsubparagraphindent=\skip157
\cftsubparagraphnumwidth=\skip158
\prechapterprecisshift=\dimen174
\c@maxsecnumdepth=\count283
\bibindent=\dimen175
\bibitemsep=\skip159
\indexcolsep=\skip160
\indexrule=\skip161
\indexmarkstyle=\toks20
\@indexbox=\insert252
\glossarycolsep=\dimen176
\glossaryrule=\dimen177
\sideparvshift=\skip162
\sideins=\insert251
\sidebartopsep=\skip163
\sidebarhsep=\skip164
\sidebarvsep=\skip165
\sidebarwidth=\skip166
\footmarkwidth=\skip167
\footmarksep=\skip168
\footparindent=\skip169
\footinsdim=\skip170
\footinsv@r=\insert250
\@mpfootinsv@r=\insert249
\m@m@k=\count284
\m@m@h=\dimen178
\m@mipn@skip=\skip171
\sidefootins=\insert248
\sidefootadjust=\skip172
\sidefootheight=\skip173
\sidefoothsep=\skip174
\sidefootvsep=\skip175
\sidefootwidth=\skip176
\m@mdownsf=\skip177
\c@sidefootnote=\count285
\sidefootmarkwidth=\skip178
\sidefootmarksep=\skip179
\sidefootparindent=\skip180
\c@pagenote=\count286
\c@pagenoteshadow=\count287
\mem@pn@lastkern=\skip181
\every@verbatim=\toks21
\afterevery@verbatim=\toks22
\verbatim@line=\toks23
\tab@position=\count288
\verbatim@in@stream=\read2
\verbatimindent=\skip182
\verbatim@out=\write3
\bvboxsep=\skip183
\c@memfbvline=\count289
\c@bvlinectr=\count290
\bvnumlength=\skip184
\fb@frw=\dimen179
\fb@frh=\dimen180
\FrameRule=\dimen181
\FrameSep=\dimen182
\c@cp@cntr=\count291
\c@ism@mctr=\count292
\c@xsm@mctr=\count293
\c@csm@mctr=\count294
\c@ksm@mctr=\count295
\c@xksm@mctr=\count296
\c@cksm@mctr=\count297
\c@msm@mctr=\count298
\c@xmsm@mctr=\count299
\c@cmsm@mctr=\count300
\c@bsm@mctr=\count301
\c@workm@mctr=\count302
\c@sheetsequence=\count303
\c@lastsheet=\count304
\c@lastpage=\count305

(C:\Users\Benedikt Jensen\AppData\Local\Programs\MiKTeX\tex/latex/textcase\text
case.sty
Package: textcase 2019/09/14 v1.00 Text only upper/lower case changing (DPC)
)
\c@figure=\count306
\c@lofdepth=\count307
\cftbeforefigureskip=\skip185
\cftfigureindent=\skip186
\cftfigurenumwidth=\skip187
\c@table=\count308
\c@lotdepth=\count309
\cftbeforetableskip=\skip188
\cfttableindent=\skip189
\cfttablenumwidth=\skip190
Package abstract [2008/07/23] emulated by memoir.
Package appendix [2008/07/23] emulated by memoir.
Package booktabs [2016/05/16] emulated by memoir.
Package ccaption [2008/07/23] emulated by memoir.
Package changepage [2008/07/23] emulated by memoir.
Package chngcntr [2008/07/23] emulated by memoir.
Package chngpage [2008/07/23] emulated by memoir.
Package crop emulated by memoir.
Package enumerate [2008/07/23] emulated by memoir.
Package epigraph [2008/07/23] emulated by memoir.
Package ifmtarg [2008/07/23] emulated by memoir.
Package index [2008/07/23] emulated by memoir.
Package makeidx [2008/07/23] emulated by memoir.
Package moreverb [2008/07/23] emulated by memoir.
Package needspace [2008/07/23] emulated by memoir.
Package newfile [2008/07/23] emulated by memoir.
Package nextpage [2008/07/23] emulated by memoir.
Package pagenote [2008/07/23] emulated by memoir.
Package parskip [2008/07/23] emulated by memoir.
Package patchcmd [2008/07/23] emulated by memoir.
Package setspace [2008/07/23] emulated by memoir.
Package shortvrb [2008/07/23] emulated by memoir.
Package showidx [2008/07/23] emulated by memoir.
Package titleref [2008/07/23] emulated by memoir.
Package titling [2008/07/23] emulated by memoir.
Package tocbibind [2008/07/23] emulated by memoir.
Package tocloft [2008/07/23] emulated by memoir.
Package tocvsec2 [2008/07/23] emulated by memoir.
Package verbatim [2008/07/23] emulated by memoir.
Package verse [2008/07/23] emulated by memoir.
)

******************************************************
Stock height and width: 845.04684pt by 597.50787pt
Top and edge trims: 0pt and 0pt
Page height and width: 845.04684pt by 597.50787pt
Text height and width: 595.80026pt by 416pt
Spine and edge margins: 72.26999pt and 108.405pt
Upper and lower margins: 126.74379pt and 122.50279pt
Headheight and headsep: 13.6pt and 19.8738pt
Footskip: 27.46295pt
Columnsep and columnseprule: 10pt and 0pt
Marginparsep and marginparwidth: 7pt and 94.405pt
Sidecapsep and sidecapwidth: 7pt and 101pt
Sidebarhsep and sidebarwidth: 7pt and 101pt
Sidebarvsep and sidebartopsep: 13.6pt and 0pt
Sidebarheight: 594.32022pt
Sidefoothsep and sidefootwidth: 7pt and 101pt
Sidefootvsep and sidefootheight: 13.6pt and 594.32022pt
******************************************************


(C:\Users\Benedikt Jensen\AppData\Local\Programs\MiKTeX\tex/latex/graphics\grap
hicx.sty
Package: graphicx 2021/09/16 v1.2d Enhanced LaTeX Graphics (DPC,SPQR)

(C:\Users\Benedikt Jensen\AppData\Local\Programs\MiKTeX\tex/latex/graphics\keyv
al.sty
Package: keyval 2014/10/28 v1.15 key=value parser (DPC)
\KV@toks@=\toks24
)
(C:\Users\Benedikt Jensen\AppData\Local\Programs\MiKTeX\tex/latex/graphics\grap
hics.sty
Package: graphics 2021/03/04 v1.4d Standard LaTeX Graphics (DPC,SPQR)

(C:\Users\Benedikt Jensen\AppData\Local\Programs\MiKTeX\tex/latex/graphics\trig
.sty
Package: trig 2021/08/11 v1.11 sin cos tan (DPC)
)
(C:\Users\Benedikt Jensen\AppData\Local\Programs\MiKTeX\tex/latex/graphics-cfg\
graphics.cfg
File: graphics.cfg 2016/06/04 v1.11 sample graphics configuration
)
Package graphics Info: Driver file: pdftex.def on input line 107.

(C:\Users\Benedikt Jensen\AppData\Local\Programs\MiKTeX\tex/latex/graphics-def\
pdftex.def
File: pdftex.def 2020/10/05 v1.2a Graphics/color driver for pdftex
))
\Gin@req@height=\dimen183
\Gin@req@width=\dimen184
)
(C:\Users\Benedikt Jensen\AppData\Local\Programs\MiKTeX\tex/latex/base\latexsym
.sty
Package: latexsym 1998/08/17 v2.2e Standard LaTeX package (lasy symbols)
\symlasy=\mathgroup4
LaTeX Font Info:    Overwriting symbol font `lasy' in version `bold'
(Font)                  U/lasy/m/n --> U/lasy/b/n on input line 52.
)
(C:\Users\Benedikt Jensen\AppData\Local\Programs\MiKTeX\tex/latex/graphics\epsf
ig.sty
Package: epsfig 2017/06/25 v1.7b (e)psfig emulation (SPQR)
\epsfxsize=\dimen185
\epsfysize=\dimen186
)
(C:\Users\Benedikt Jensen\AppData\Local\Programs\MiKTeX\tex/latex/graphics\rota
ting.sty
Package: rotating 2016/08/11 v2.16d rotated objects in LaTeX

(C:\Users\Benedikt Jensen\AppData\Local\Programs\MiKTeX\tex/latex/base\ifthen.s
ty
Package: ifthen 2020/11/24 v1.1c Standard LaTeX ifthen package (DPC)
)
\c@r@tfl@t=\count310
\rotFPtop=\skip191
\rotFPbot=\skip192
\rot@float@box=\box55
\rot@mess@toks=\toks25
)
(C:\Users\Benedikt Jensen\AppData\Local\Programs\MiKTeX\tex/latex/doublestroke\
dsfont.sty
Package: dsfont 1995/08/01 v0.1 Double stroke roman fonts
)
(C:\Users\Benedikt Jensen\AppData\Local\Programs\MiKTeX\tex/generic/german\nger
man.sty v2.5e 1998-07-08
Package: ngerman 1998/07/08 v2.5e Support for writing german texts (br)
\grmnU@D=\dimen187
ngerman -- \language number for naustrian undefined, default 48 used.
)
(C:\Users\Benedikt Jensen\AppData\Local\Programs\MiKTeX\tex/latex/amsmath\amsma
th.sty
Package: amsmath 2021/10/15 v2.17l AMS math features
\@mathmargin=\skip193

For additional information on amsmath, use the `?' option.

(C:\Users\Benedikt Jensen\AppData\Local\Programs\MiKTeX\tex/latex/amsmath\amste
xt.sty
Package: amstext 2021/08/26 v2.01 AMS text

(C:\Users\Benedikt Jensen\AppData\Local\Programs\MiKTeX\tex/latex/amsmath\amsge
n.sty
File: amsgen.sty 1999/11/30 v2.0 generic functions
\@emptytoks=\toks26
\ex@=\dimen188
))
(C:\Users\Benedikt Jensen\AppData\Local\Programs\MiKTeX\tex/latex/amsmath\amsbs
y.sty
Package: amsbsy 1999/11/29 v1.2d Bold Symbols
\pmbraise@=\dimen189
)
(C:\Users\Benedikt Jensen\AppData\Local\Programs\MiKTeX\tex/latex/amsmath\amsop
n.sty
Package: amsopn 2021/08/26 v2.02 operator names
)
\inf@bad=\count311
LaTeX Info: Redefining \frac on input line 234.
\uproot@=\count312
\leftroot@=\count313
LaTeX Info: Redefining \overline on input line 399.
\classnum@=\count314
\DOTSCASE@=\count315
LaTeX Info: Redefining \ldots on input line 496.
LaTeX Info: Redefining \dots on input line 499.
LaTeX Info: Redefining \cdots on input line 620.
\Mathstrutbox@=\box56
\strutbox@=\box57
\big@size=\dimen190
LaTeX Font Info:    Redeclaring font encoding OML on input line 743.
LaTeX Font Info:    Redeclaring font encoding OMS on input line 744.
\macc@depth=\count316
\c@MaxMatrixCols=\count317
\dotsspace@=\muskip16
\c@parentequation=\count318
\dspbrk@lvl=\count319
\tag@help=\toks27
\row@=\count320
\column@=\count321
\maxfields@=\count322
\andhelp@=\toks28
\eqnshift@=\dimen191
\alignsep@=\dimen192
\tagshift@=\dimen193
\tagwidth@=\dimen194
\totwidth@=\dimen195
\lineht@=\dimen196
\@envbody=\toks29
\multlinegap=\skip194
\multlinetaggap=\skip195
\mathdisplay@stack=\toks30
LaTeX Info: Redefining \[ on input line 2938.
LaTeX Info: Redefining \] on input line 2939.
)
(C:\Users\Benedikt Jensen\AppData\Local\Programs\MiKTeX\tex/latex/caption\subca
ption.sty
Package: subcaption 2022/01/07 v1.5 Sub-captions (AR)

(C:\Users\Benedikt Jensen\AppData\Local\Programs\MiKTeX\tex/latex/caption\capti
on.sty
Package: caption 2022/03/01 v3.6b Customizing captions (AR)

(C:\Users\Benedikt Jensen\AppData\Local\Programs\MiKTeX\tex/latex/caption\capti
on3.sty
Package: caption3 2022/03/17 v2.3b caption3 kernel (AR)
\caption@tempdima=\dimen197
\captionmargin=\dimen198
\caption@leftmargin=\dimen199
\caption@rightmargin=\dimen256
\caption@width=\dimen257
\caption@indent=\dimen258
\caption@parindent=\dimen259
\caption@hangindent=\dimen260
Package caption Info: memoir document class detected.

(C:\Users\Benedikt Jensen\AppData\Local\Programs\MiKTeX\tex/latex/caption\capti
on-memoir.sto
File: caption-memoir.sto 2022/03/02 v2.2b Adaption of the caption package to th
e memoir document class (AR)
))
\c@caption@flags=\count323
\c@continuedfloat=\count324
Package caption Info: changepage package is loaded.
\caption@adjustwidth@hsize=\dimen261
\caption@adjustwidth@linewidth=\dimen262
Package caption Info: rotating package is loaded.
)
\c@subfigure=\count325
\c@subtable=\count326
)
(C:\Users\Benedikt Jensen\AppData\Local\Programs\MiKTeX\tex/latex/colortbl\colo
rtbl.sty
Package: colortbl 2020/01/04 v1.0e Color table columns (DPC)

(C:\Users\Benedikt Jensen\AppData\Local\Programs\MiKTeX\tex/latex/graphics\colo
r.sty
Package: color 2021/12/07 v1.3c Standard LaTeX Color (DPC)

(C:\Users\Benedikt Jensen\AppData\Local\Programs\MiKTeX\tex/latex/graphics-cfg\
color.cfg
File: color.cfg 2016/01/02 v1.6 sample color configuration
)
Package color Info: Driver file: pdftex.def on input line 149.
)
\everycr=\toks31
\minrowclearance=\skip196
)
(C:\Users\Benedikt Jensen\AppData\Local\Programs\MiKTeX\tex/latex/algorithms\al
gorithm.sty
Package: algorithm 2009/08/24 v0.1 Document Style `algorithm' - floating enviro
nment

(C:\Users\Benedikt Jensen\AppData\Local\Programs\MiKTeX\tex/latex/float\float.s
ty
Package: float 2001/11/08 v1.3d Float enhancements (AL)
\c@float@type=\count327
\float@exts=\toks32
\float@box=\box58
\@float@everytoks=\toks33
\@floatcapt=\box59
)
\@float@every@algorithm=\toks34
\c@algorithm=\count328
)
(C:\Users\Benedikt Jensen\AppData\Local\Programs\MiKTeX\tex/latex/algorithms\al
gorithmic.sty
Package: algorithmic 2009/08/24 v0.1 Document Style `algorithmic'
\c@ALC@unique=\count329
\c@ALC@line=\count330
\c@ALC@rem=\count331
\c@ALC@depth=\count332
\ALC@tlm=\skip197
\algorithmicindent=\skip198
)
(C:\Users\Benedikt Jensen\AppData\Local\Programs\MiKTeX\tex/latex/layouts\layou
ts.sty
Package: layouts 2009/09/02 v2.6d graphical depiction of document elements
\l@ylen=\skip199
\layoutsbox=\box60
\l@youtunitlength=\skip256
\l@youtlinethick=\skip257
\l@youtlinethickii=\skip258
\l@ysetupparskip=\skip259
\l@ysetupbaselineskip=\skip260
\l@yonem=\skip261
\l@yonex=\skip262
\l@ylmarg=\skip263
\l@yrmarg=\skip264
\l@yitmindent=\skip265
\l@ylblwidth=\skip266
\l@ylblsep=\skip267
\l@ylparindent=\skip268
\l@ytsep=\skip269
\l@ypskip=\skip270
\l@yptsep=\skip271
\l@ypsep=\skip272
\l@yitmsep=\skip273
\l@ytok=\toks35
\l@youtpw=\count333
\l@youtph=\count334
\l@youthpi=\count335
\l@youthpii=\count336
\l@youthpiii=\count337
\l@youthpiv=\count338
\l@youthpv=\count339
\l@youthpvi=\count340
\l@youthpvii=\count341
\l@youtparskip=\count342
\l@youtvpi=\count343
\l@youtvpii=\count344
\l@youtvpiii=\count345
\l@youtvpiv=\count346
\l@youtvpv=\count347
\l@youtvpvi=\count348
\l@youtvpvii=\count349
\l@youthdo=\count350
\l@youthdi=\count351
\l@youthdii=\count352
\l@youthdiii=\count353
\l@youthdiv=\count354
\l@youthdv=\count355
\l@youthdvi=\count356
\l@youthdvii=\count357
\l@youtvdo=\count358
\l@youtvdi=\count359
\l@youtvdii=\count360
\l@youtvdiii=\count361
\l@youtvdiv=\count362
\l@youtvdv=\count363
\l@youtvdvi=\count364
\l@youtvdvii=\count365
\l@youtvdviii=\count366
\l@youtxci=\count367
\l@youtxcii=\count368
\l@youtxciii=\count369
\l@youtxciv=\count370
\l@youtxcv=\count371
\l@youtxcvi=\count372
\l@youtyci=\count373
\l@youtycii=\count374
\l@youtyciii=\count375
\l@youtyciv=\count376
\l@youtycv=\count377
\l@youtycvi=\count378
\l@youtycvii=\count379
\l@youtycviii=\count380
\l@youtxco=\count381
\l@youtyco=\count382
\l@ytempdima=\skip274
)
\abschlussarbeit@idxfile=\write4
\openout4 = `abschlussarbeit.idx'.


Writing index file abschlussarbeit.idx 

(C:\Users\Benedikt Jensen\AppData\Local\Programs\MiKTeX\tex/latex/hyperref\hype
rref.sty
Package: hyperref 2022-02-21 v7.00n Hypertext links for LaTeX

(C:\Users\Benedikt Jensen\AppData\Local\Programs\MiKTeX\tex/generic/ltxcmds\ltx
cmds.sty
Package: ltxcmds 2020-05-10 v1.25 LaTeX kernel commands for general use (HO)
)
(C:\Users\Benedikt Jensen\AppData\Local\Programs\MiKTeX\tex/generic/pdftexcmds\
pdftexcmds.sty
Package: pdftexcmds 2020-06-27 v0.33 Utility functions of pdfTeX for LuaTeX (HO
)

(C:\Users\Benedikt Jensen\AppData\Local\Programs\MiKTeX\tex/generic/infwarerr\i
nfwarerr.sty
Package: infwarerr 2019/12/03 v1.5 Providing info/warning/error messages (HO)
)
Package pdftexcmds Info: \pdf@primitive is available.
Package pdftexcmds Info: \pdf@ifprimitive is available.
Package pdftexcmds Info: \pdfdraftmode found.
)
(C:\Users\Benedikt Jensen\AppData\Local\Programs\MiKTeX\tex/generic/kvsetkeys\k
vsetkeys.sty
Package: kvsetkeys 2019/12/15 v1.18 Key value parser (HO)
)
(C:\Users\Benedikt Jensen\AppData\Local\Programs\MiKTeX\tex/generic/kvdefinekey
s\kvdefinekeys.sty
Package: kvdefinekeys 2019-12-19 v1.6 Define keys (HO)
)
(C:\Users\Benedikt Jensen\AppData\Local\Programs\MiKTeX\tex/generic/pdfescape\p
dfescape.sty
Package: pdfescape 2019/12/09 v1.15 Implements pdfTeX's escape features (HO)
)
(C:\Users\Benedikt Jensen\AppData\Local\Programs\MiKTeX\tex/latex/hycolor\hycol
or.sty
Package: hycolor 2020-01-27 v1.10 Color options for hyperref/bookmark (HO)
)
(C:\Users\Benedikt Jensen\AppData\Local\Programs\MiKTeX\tex/latex/letltxmacro\l
etltxmacro.sty
Package: letltxmacro 2019/12/03 v1.6 Let assignment for LaTeX macros (HO)
)
(C:\Users\Benedikt Jensen\AppData\Local\Programs\MiKTeX\tex/latex/auxhook\auxho
ok.sty
Package: auxhook 2019-12-17 v1.6 Hooks for auxiliary files (HO)
)
(C:\Users\Benedikt Jensen\AppData\Local\Programs\MiKTeX\tex/latex/kvoptions\kvo
ptions.sty
Package: kvoptions 2020-10-07 v3.14 Key value format for package options (HO)
)
\@linkdim=\dimen263
\Hy@linkcounter=\count383
\Hy@pagecounter=\count384

(C:\Users\Benedikt Jensen\AppData\Local\Programs\MiKTeX\tex/latex/hyperref\pd1e
nc.def
File: pd1enc.def 2022-02-21 v7.00n Hyperref: PDFDocEncoding definition (HO)
Now handling font encoding PD1 ...
... no UTF-8 mapping file for font encoding PD1
)
(C:\Users\Benedikt Jensen\AppData\Local\Programs\MiKTeX\tex/generic/intcalc\int
calc.sty
Package: intcalc 2019/12/15 v1.3 Expandable calculations with integers (HO)
)
(C:\Users\Benedikt Jensen\AppData\Local\Programs\MiKTeX\tex/generic/etexcmds\et
excmds.sty
Package: etexcmds 2019/12/15 v1.7 Avoid name clashes with e-TeX commands (HO)
)
\Hy@SavedSpaceFactor=\count385

(C:\Users\Benedikt Jensen\AppData\Local\Programs\MiKTeX\tex/latex/hyperref\puen
c.def
File: puenc.def 2022-02-21 v7.00n Hyperref: PDF Unicode definition (HO)
Now handling font encoding PU ...
... no UTF-8 mapping file for font encoding PU
)
Package hyperref Info: Hyper figures OFF on input line 4137.
Package hyperref Info: Link nesting OFF on input line 4142.
Package hyperref Info: Hyper index ON on input line 4145.
Package hyperref Info: Plain pages OFF on input line 4152.
Package hyperref Info: Backreferencing OFF on input line 4157.
Package hyperref Info: Implicit mode ON; LaTeX internals redefined.
Package hyperref Info: Bookmarks ON on input line 4390.
\c@Hy@tempcnt=\count386

(C:\Users\Benedikt Jensen\AppData\Local\Programs\MiKTeX\tex/latex/url\url.sty
\Urlmuskip=\muskip17
Package: url 2013/09/16  ver 3.4  Verb mode for urls, etc.
)
LaTeX Info: Redefining \url on input line 4749.
\XeTeXLinkMargin=\dimen264

(C:\Users\Benedikt Jensen\AppData\Local\Programs\MiKTeX\tex/generic/bitset\bits
et.sty
Package: bitset 2019/12/09 v1.3 Handle bit-vector datatype (HO)

(C:\Users\Benedikt Jensen\AppData\Local\Programs\MiKTeX\tex/generic/bigintcalc\
bigintcalc.sty
Package: bigintcalc 2019/12/15 v1.5 Expandable calculations on big integers (HO
)
))
\Fld@menulength=\count387
\Field@Width=\dimen265
\Fld@charsize=\dimen266
Package hyperref Info: Hyper figures OFF on input line 6027.
Package hyperref Info: Link nesting OFF on input line 6032.
Package hyperref Info: Hyper index ON on input line 6035.
Package hyperref Info: backreferencing OFF on input line 6042.
Package hyperref Info: Link coloring OFF on input line 6047.
Package hyperref Info: Link coloring with OCG OFF on input line 6052.
Package hyperref Info: PDF/A mode OFF on input line 6057.
LaTeX Info: Redefining \ref on input line 6097.
LaTeX Info: Redefining \pageref on input line 6101.

(C:\Users\Benedikt Jensen\AppData\Local\Programs\MiKTeX\tex/latex/base\atbegshi
-ltx.sty
Package: atbegshi-ltx 2021/01/10 v1.0c Emulation of the original atbegshi
package with kernel methods
)
\Hy@abspage=\count388
\c@Item=\count389
\c@Hfootnote=\count390
)
(C:\Users\Benedikt Jensen\AppData\Local\Programs\MiKTeX\tex/latex/memoir\memhfi
xc.sty
Package: memhfixc 2021/06/16 v1.19 nameref/hyperref package fixes for memoir cl
ass
\c@memhycontfloat=\count391
\c@Hpagenote=\count392
)
Package hyperref Info: Driver (autodetected): hpdftex.

(C:\Users\Benedikt Jensen\AppData\Local\Programs\MiKTeX\tex/latex/hyperref\hpdf
tex.def
File: hpdftex.def 2022-02-21 v7.00n Hyperref driver for pdfTeX

(C:\Users\Benedikt Jensen\AppData\Local\Programs\MiKTeX\tex/latex/base\atveryen
d-ltx.sty
Package: atveryend-ltx 2020/08/19 v1.0a Emulation of the original atveryend pac
kage
with kernel methods
)
\Fld@listcount=\count393
\c@bookmark@seq@number=\count394

(C:\Users\Benedikt Jensen\AppData\Local\Programs\MiKTeX\tex/latex/rerunfilechec
k\rerunfilecheck.sty
Package: rerunfilecheck 2019/12/05 v1.9 Rerun checks for auxiliary files (HO)

(C:\Users\Benedikt Jensen\AppData\Local\Programs\MiKTeX\tex/generic/uniquecount
er\uniquecounter.sty
Package: uniquecounter 2019/12/15 v1.4 Provide unlimited unique counter (HO)
)
Package uniquecounter Info: New unique counter `rerunfilecheck' on input line 2
86.
)
\Hy@SectionHShift=\skip275
)
Package hyperref Info: Option `colorlinks' set `true' on input line 99.

(C:\Users\Benedikt Jensen\AppData\Local\Programs\MiKTeX\tex/latex/multibib\mult
ibib.sty
Package: multibib 2008/12/10 v1.4 Multiple bibliographies for one document.
\mb@biblabelwidth=\count395
)
(C:\Users\Benedikt Jensen\AppData\Local\Programs\MiKTeX\tex/latex/units\nicefra
c.sty
Package: nicefrac 1998/08/04 v0.9b Nice fractions
\L@UnitsRaiseDisplaystyle=\skip276
\L@UnitsRaiseTextstyle=\skip277
\L@UnitsRaiseScriptstyle=\skip278
)
(C:\Users\Benedikt Jensen\AppData\Local\Programs\MiKTeX\tex/latex/amsfonts\amss
ymb.sty
Package: amssymb 2013/01/14 v3.01 AMS font symbols

(C:\Users\Benedikt Jensen\AppData\Local\Programs\MiKTeX\tex/latex/amsfonts\amsf
onts.sty
Package: amsfonts 2013/01/14 v3.01 Basic AMSFonts support
\symAMSa=\mathgroup5
\symAMSb=\mathgroup6
LaTeX Font Info:    Redeclaring math symbol \hbar on input line 98.
LaTeX Font Info:    Overwriting math alphabet `\mathfrak' in version `bold'
(Font)                  U/euf/m/n --> U/euf/b/n on input line 106.
))
(C:\Users\Benedikt Jensen\AppData\Local\Programs\MiKTeX\tex/latex/l3backend\l3b
ackend-pdftex.def
File: l3backend-pdftex.def 2022-02-07 L3 backend support: PDF output (pdfTeX)
\l__color_backend_stack_int=\count396
\l__pdf_internal_box=\box61
) (abschlussarbeit.aux (acknow/acknow.aux)
(erklaerung/erklaerung.aux) (intro/intro.aux)
(funktionsweise/funktionsweise.aux) (weitere_techniken/weitere_techniken.aux)
(tips/intro.aux

LaTeX Warning: Label `cha:introduction' multiply defined.

) (anhang/anhang.aux) (glossar/glossar.aux))
\openout1 = `abschlussarbeit.aux'.

LaTeX Font Info:    Checking defaults for OML/cmm/m/it on input line 151.
LaTeX Font Info:    ... okay on input line 151.
LaTeX Font Info:    Checking defaults for OMS/cmsy/m/n on input line 151.
LaTeX Font Info:    ... okay on input line 151.
LaTeX Font Info:    Checking defaults for OT1/cmr/m/n on input line 151.
LaTeX Font Info:    ... okay on input line 151.
LaTeX Font Info:    Checking defaults for T1/cmr/m/n on input line 151.
LaTeX Font Info:    ... okay on input line 151.
LaTeX Font Info:    Checking defaults for TS1/cmr/m/n on input line 151.
LaTeX Font Info:    ... okay on input line 151.
LaTeX Font Info:    Checking defaults for OMX/cmex/m/n on input line 151.
LaTeX Font Info:    ... okay on input line 151.
LaTeX Font Info:    Checking defaults for U/cmr/m/n on input line 151.
LaTeX Font Info:    ... okay on input line 151.
LaTeX Font Info:    Checking defaults for PD1/pdf/m/n on input line 151.
LaTeX Font Info:    ... okay on input line 151.
LaTeX Font Info:    Checking defaults for PU/pdf/m/n on input line 151.
LaTeX Font Info:    ... okay on input line 151.

(C:\Users\Benedikt Jensen\AppData\Local\Programs\MiKTeX\tex/context/base/mkii\s
upp-pdf.mkii
[Loading MPS to PDF converter (version 2006.09.02).]
\scratchcounter=\count397
\scratchdimen=\dimen267
\scratchbox=\box62
\nofMPsegments=\count398
\nofMParguments=\count399
\everyMPshowfont=\toks36
\MPscratchCnt=\count400
\MPscratchDim=\dimen268
\MPnumerator=\count401
\makeMPintoPDFobject=\count402
\everyMPtoPDFconversion=\toks37
)
(C:\Users\Benedikt Jensen\AppData\Local\Programs\MiKTeX\tex/latex/epstopdf-pkg\
epstopdf-base.sty
Package: epstopdf-base 2020-01-24 v2.11 Base part for package epstopdf
Package epstopdf-base Info: Redefining graphics rule for `.eps' on input line 4
85.

(C:\Users\Benedikt Jensen\AppData\Local\Programs\MiKTeX\tex/latex/00miktex\epst
opdf-sys.cfg
File: epstopdf-sys.cfg 2021/03/18 v2.0 Configuration of epstopdf for MiKTeX
))
Package caption Info: Begin \AtBeginDocument code.
Package caption Info: float package is loaded.
Package caption Info: hyperref package is loaded.
Package caption Info: End \AtBeginDocument code.


Package layouts Warning: Layout scale set to 0.5 on input line 151.

Package hyperref Info: Link coloring ON on input line 151.

(C:\Users\Benedikt Jensen\AppData\Local\Programs\MiKTeX\tex/latex/hyperref\name
ref.sty
Package: nameref 2021-04-02 v2.47 Cross-referencing by name of section

(C:\Users\Benedikt Jensen\AppData\Local\Programs\MiKTeX\tex/latex/refcount\refc
ount.sty
Package: refcount 2019/12/15 v3.6 Data extraction from label references (HO)
)
(C:\Users\Benedikt Jensen\AppData\Local\Programs\MiKTeX\tex/generic/gettitlestr
ing\gettitlestring.sty
Package: gettitlestring 2019/12/15 v1.6 Cleanup title references (HO)
)
\c@section@level=\count403
)
Redoing nameref's sectioning
Redoing nameref's label
LaTeX Info: Redefining \nameref on input line 151.
LaTeX Info: Redefining \ref on input line 151.
LaTeX Info: Redefining \pageref on input line 151.
LaTeX Info: Redefining \nameref on input line 151.
(abschlussarbeit.out) (abschlussarbeit.out)
\@outlinefile=\write5
\openout5 = `abschlussarbeit.out'.

<logo_thm_cg.png, id=123, 501.875pt x 101.37875pt>
File: logo_thm_cg.png Graphic file (type png)
<use logo_thm_cg.png>
Package pdftex.def Info: logo_thm_cg.png  used on input line 159.
(pdftex.def)             Requested size: 455.24408pt x 91.96397pt.

Overfull \hbox (39.24408pt too wide) in paragraph at lines 159--159
 [] 
 []

LaTeX Font Info:    Trying to load font information for U+lasy on input line 15
9.

(C:\Users\Benedikt Jensen\AppData\Local\Programs\MiKTeX\tex/latex/base\ulasy.fd
File: ulasy.fd 1998/08/17 v2.2e LaTeX symbol font definitions
)
LaTeX Font Info:    Trying to load font information for U+msa on input line 159
.

(C:\Users\Benedikt Jensen\AppData\Local\Programs\MiKTeX\tex/latex/amsfonts\umsa
.fd
File: umsa.fd 2013/01/14 v3.01 AMS symbols A
)
LaTeX Font Info:    Trying to load font information for U+msb on input line 159
.

(C:\Users\Benedikt Jensen\AppData\Local\Programs\MiKTeX\tex/latex/amsfonts\umsb
.fd
File: umsb.fd 2013/01/14 v3.01 AMS symbols B
) [1


{C:/Users/Benedikt Jensen/AppData/Local/MiKTeX/fonts/map/pdftex/pdftex.map} <./
logo_thm_cg.png>] [2

]
\openout2 = `acknow/acknow.aux'.

 (acknow/acknow.tex)
Underfull \hbox (badness 10000) in paragraph at lines 2--182

 []


pdfTeX warning (ext4): destination with the same identifier (name{page.i}) has 
been already used, duplicate ignored
<to be read again> 
                   \relax 
l.182 	\include{acknow/acknow}
                               [1



]
\openout2 = `erklaerung/erklaerung.aux'.

 (erklaerung/erklaerung.tex

LaTeX Font Warning: Font shape `OT1/cmss/m/sc' in size <10.95> not available
(Font)              Font shape `OT1/cmr/m/sc' tried instead on input line 1.


pdfTeX warning (ext4): destination with the same identifier (name{page.ii}) has
 been already used, duplicate ignored
<to be read again> 
                   \relax 
l.1 5\chapter
             {Selbstständigkeitserklärung} [2



])
Underfull \hbox (badness 10000) in paragraph at lines 5--185

 []

[3

] [4



] (abschlussarbeit.toc [5]) [6] (abschlussarbeit.lof) [7

] [8

]
\openout2 = `intro/intro.aux'.


(intro/intro.tex
Underfull \hbox (badness 10000) in paragraph at lines 12--13

 []


Underfull \hbox (badness 10000) in paragraph at lines 14--15

 []

)
Underfull \hbox (badness 10000) in paragraph at lines 16--201

 []

[1


]
\openout2 = `funktionsweise/funktionsweise.aux'.

 (funktionsweise/funktionsweise.tex [2




] [3]
Underfull \hbox (badness 10000) in paragraph at lines 38--40

 []

) [4]
\openout2 = `weitere_techniken/weitere_techniken.aux'.

 (weitere_techniken/weitere_techniken.tex
Underfull \hbox (badness 10000) in paragraph at lines 8--13

 []


Underfull \hbox (badness 10000) in paragraph at lines 8--13

 []


Underfull \hbox (badness 10000) in paragraph at lines 33--34

 []


Underfull \hbox (badness 10000) in paragraph at lines 33--34

 []

[5




]
<geogebra/roboterarm_0.png, id=239, 262.48062pt x 170.6375pt>
File: geogebra/roboterarm_0.png Graphic file (type png)
<use geogebra/roboterarm_0.png>
Package pdftex.def Info: geogebra/roboterarm_0.png  used on input line 40.
(pdftex.def)             Requested size: 208.0pt x 135.22394pt.
<geogebra/roboterarm_1.png, id=241, 262.48062pt x 170.6375pt>
File: geogebra/roboterarm_1.png Graphic file (type png)
<use geogebra/roboterarm_1.png>
Package pdftex.def Info: geogebra/roboterarm_1.png  used on input line 44.
(pdftex.def)             Requested size: 208.0pt x 135.22394pt.

Underfull \hbox (badness 10000) in paragraph at lines 48--49

 []

[6 <./geogebra/roboterarm_0.png> <./geogebra/roboterarm_1.png>]
<geogebra/ccd_0.png, id=254, 260.975pt x 145.54375pt>
File: geogebra/ccd_0.png Graphic file (type png)
<use geogebra/ccd_0.png>
Package pdftex.def Info: geogebra/ccd_0.png  used on input line 72.
(pdftex.def)             Requested size: 208.0pt x 116.00208pt.
<geogebra/ccd_1.png, id=255, 260.975pt x 145.54375pt>
File: geogebra/ccd_1.png Graphic file (type png)
<use geogebra/ccd_1.png>
Package pdftex.def Info: geogebra/ccd_1.png  used on input line 76.
(pdftex.def)             Requested size: 208.0pt x 116.00208pt.
<geogebra/ccd_2.png, id=260, 260.975pt x 145.54375pt>
File: geogebra/ccd_2.png Graphic file (type png)
<use geogebra/ccd_2.png>
Package pdftex.def Info: geogebra/ccd_2.png  used on input line 83.
(pdftex.def)             Requested size: 208.0pt x 116.00208pt.
<geogebra/ccd_3.png, id=261, 260.975pt x 145.54375pt>
File: geogebra/ccd_3.png Graphic file (type png)
<use geogebra/ccd_3.png>
Package pdftex.def Info: geogebra/ccd_3.png  used on input line 87.
(pdftex.def)             Requested size: 208.0pt x 116.00208pt.


LaTeX Warning: Citation `Fedor2003' on page 7 undefined on input line 91.


Underfull \hbox (badness 10000) in paragraph at lines 68--93

 []


Underfull \hbox (badness 10000) in paragraph at lines 95--100

 []


Underfull \vbox (badness 2126) has occurred while \output is active []

 [7 <./geogebra/ccd_0.png> <./geogebra/ccd_1.png>]
Underfull \hbox (badness 10000) in paragraph at lines 106--114

 []

[8 <./geogebra/ccd_2.png> <./geogebra/ccd_3.png>]
Underfull \hbox (badness 10000) in paragraph at lines 116--120

 []

) [9]
\openout2 = `tips/intro.aux'.

 (tips/intro.tex [10




]
Underfull \hbox (badness 10000) in paragraph at lines 12--13

 []

LaTeX Font Info:    Font shape `OT1/cmss/m/it' in size <10.95> not available
(Font)              Font shape `OT1/cmss/m/sl' tried instead on input line 15.

Underfull \hbox (badness 10000) in paragraph at lines 14--18

 []


Underfull \hbox (badness 10000) in paragraph at lines 19--20

 []


Underfull \hbox (badness 10000) in paragraph at lines 21--22

 []


Underfull \hbox (badness 10000) in paragraph at lines 23--32

 []


Underfull \vbox (badness 1308) has occurred while \output is active []

 [11]

LaTeX Warning: Citation `schrijver89' on page 12 undefined on input line 52.


LaTeX Warning: Reference `fig:klein_bottle' on page 12 undefined on input line 
52.


Underfull \hbox (badness 10000) in paragraph at lines 52--63

 []


LaTeX Warning: Reference `cha:umgebung' on page 12 undefined on input line 66.


LaTeX Warning: Citation `conway96' on page 12 undefined on input line 80.


Underfull \hbox (badness 10000) in paragraph at lines 78--83

 []


Underfull \hbox (badness 10000) in paragraph at lines 78--83

 []


Underfull \hbox (badness 10000) in paragraph at lines 78--83

 []

[12]
Underfull \hbox (badness 10000) in paragraph at lines 116--119

 []

[13]
Overfull \hbox (1.71634pt too wide) in paragraph at lines 142--142
[]|\OT1/cmss/bx/n/10.95 Lexikoneintrag| 
 []


Underfull \hbox (badness 10000) in paragraph at lines 144--144
[]|\OT1/cmss/bx/n/10.95 Trainings-
 []


Underfull \hbox (badness 10000) in paragraph at lines 151--162

 []

LaTeX Font Info:    Trying to load font information for OMS+cmtt on input line 
167.
LaTeX Font Info:    No file OMScmtt.fd. on input line 167.

LaTeX Font Warning: Font shape `OMS/cmtt/m/n' undefined
(Font)              using `OMS/cmsy/m/n' instead
(Font)              for symbol `textbackslash' on input line 167.

)
Underfull \hbox (badness 10000) in paragraph at lines 165--209

 []


Overfull \hbox (35.89964pt too wide) in paragraph at lines 165--209
\OT1/cmss/m/n/10.95 teilt, kann es nat[]urlich vor-kom-men, dass ein in True-Ty
-pe ge-schrie-be-nes Wort \OT1/cmtt/m/n/10.95 abschlussarbeit.tex
 []


Underfull \hbox (badness 10000) in paragraph at lines 165--209

 []


Underfull \hbox (badness 10000) in paragraph at lines 165--209

 []


Underfull \hbox (badness 10000) in paragraph at lines 165--209

 []


Underfull \hbox (badness 10000) in paragraph at lines 165--209

 []

[14] [15]
\openout2 = `anhang/anhang.aux'.

 (anhang/anhang.tex [16




])
Underfull \vbox (badness 10000) has occurred while \output is active []

 [17]
[18]
\openout2 = `glossar/glossar.aux'.

 (glossar/glossar.tex)
Overfull \hbox (34.79132pt too wide) in paragraph at lines 11--224
[] 
 []

[19






] (abschlussarbeit.bbl [20



]
bibitemlist
) [21] [22

]
No file abschlussarbeit.ind.
\tf@toc=\write6
\openout6 = `abschlussarbeit.toc'.

\tf@lof=\write7
\openout7 = `abschlussarbeit.lof'.

(abschlussarbeit.aux (acknow/acknow.aux) (erklaerung/erklaerung.aux)
(intro/intro.aux) (funktionsweise/funktionsweise.aux)
(weitere_techniken/weitere_techniken.aux) (tips/intro.aux) (anhang/anhang.aux)
(glossar/glossar.aux))

LaTeX Font Warning: Some font shapes were not available, defaults substituted.


LaTeX Warning: There were undefined references.


LaTeX Warning: There were multiply-defined labels.

Package rerunfilecheck Info: File `abschlussarbeit.out' has not changed.
(rerunfilecheck)             Checksum: D9BCAF8C1EEE924FD353A5A4FA9888CE;4410.
 ) 
Here is how much of TeX's memory you used:
 16095 strings out of 478582
 262265 string characters out of 2839588
 599330 words of memory out of 3000000
 33896 multiletter control sequences out of 15000+600000
 485480 words of font info for 94 fonts, out of 8000000 for 9000
 1141 hyphenation exceptions out of 8191
 67i,16n,77p,964b,408s stack positions out of 10000i,1000n,20000p,200000b,80000s
<C:/Users/Benedikt Jensen/AppData/Local/Programs/MiKTeX/fonts/type1/public/am
sfonts/cm/cmcsc10.pfb><C:/Users/Benedikt Jensen/AppData/Local/Programs/MiKTeX/f
onts/type1/public/amsfonts/cm/cmex10.pfb><C:/Users/Benedikt Jensen/AppData/Loca
l/Programs/MiKTeX/fonts/type1/public/amsfonts/cm/cmmi10.pfb><C:/Users/Benedikt 
Jensen/AppData/Local/Programs/MiKTeX/fonts/type1/public/amsfonts/cm/cmmi6.pfb><
C:/Users/Benedikt Jensen/AppData/Local/Programs/MiKTeX/fonts/type1/public/amsfo
nts/cm/cmmi8.pfb><C:/Users/Benedikt Jensen/AppData/Local/Programs/MiKTeX/fonts/
type1/public/amsfonts/cm/cmr10.pfb><C:/Users/Benedikt Jensen/AppData/Local/Prog
rams/MiKTeX/fonts/type1/public/amsfonts/cm/cmr8.pfb><C:/Users/Benedikt Jensen/A
ppData/Local/Programs/MiKTeX/fonts/type1/public/amsfonts/cm/cmss10.pfb><C:/User
s/Benedikt Jensen/AppData/Local/Programs/MiKTeX/fonts/type1/public/amsfonts/cm/
cmss8.pfb><C:/Users/Benedikt Jensen/AppData/Local/Programs/MiKTeX/fonts/type1/p
ublic/amsfonts/cm/cmss9.pfb><C:/Users/Benedikt Jensen/AppData/Local/Programs/Mi
KTeX/fonts/type1/public/amsfonts/cm/cmssbx10.pfb><C:/Users/Benedikt Jensen/AppD
ata/Local/Programs/MiKTeX/fonts/type1/public/amsfonts/cm/cmssi10.pfb><C:/Users/
Benedikt Jensen/AppData/Local/Programs/MiKTeX/fonts/type1/public/amsfonts/cm/cm
sy10.pfb><C:/Users/Benedikt Jensen/AppData/Local/Programs/MiKTeX/fonts/type1/pu
blic/amsfonts/cm/cmsy8.pfb><C:/Users/Benedikt Jensen/AppData/Local/Programs/MiK
TeX/fonts/type1/public/amsfonts/cm/cmtt10.pfb><C:/Users/Benedikt Jensen/AppData
/Local/Programs/MiKTeX/fonts/type1/public/amsfonts/symbols/msbm10.pfb>
Output written on abschlussarbeit.pdf (32 pages, 335595 bytes).
PDF statistics:
 443 PDF objects out of 1000 (max. 8388607)
 80 named destinations out of 1000 (max. 500000)
 276 words of extra memory for PDF output out of 10000 (max. 10000000)

