\BOOKMARK [0][-]{chapter*.1}{\376\377\000D\000a\000n\000k\000s\000a\000g\000u\000n\000g}{}% 1
\BOOKMARK [0][-]{chapter*.2}{\376\377\000S\000e\000l\000b\000s\000t\000s\000t\000\344\000n\000d\000i\000g\000k\000e\000i\000t\000s\000e\000r\000k\000l\000\344\000r\000u\000n\000g}{}% 2
\BOOKMARK [0][-]{section*.3}{\376\377\000I\000n\000h\000a\000l\000t\000s\000v\000e\000r\000z\000e\000i\000c\000h\000n\000i\000s}{}% 3
\BOOKMARK [0][-]{section*.4}{\376\377\000A\000b\000b\000i\000l\000d\000u\000n\000g\000s\000v\000e\000r\000z\000e\000i\000c\000h\000n\000i\000s}{}% 4
\BOOKMARK [0][-]{chapter.1}{\376\377\000E\000i\000n\000l\000e\000i\000t\000u\000n\000g}{}% 5
\BOOKMARK [0][-]{chapter.2}{\376\377\000F\000u\000n\000k\000t\000i\000o\000n\000s\000w\000e\000i\000s\000e}{}% 6
\BOOKMARK [1][-]{section.2.1}{\376\377\000S\000k\000i\000n\000\040\000u\000n\000d\000\040\000S\000k\000e\000l\000e\000t\000t}{chapter.2}% 7
\BOOKMARK [2][-]{subsection.2.1.1}{\376\377\000H\000i\000e\000r\000a\000r\000c\000h\000i\000s\000c\000h\000e\000\040\000K\000n\000o\000c\000h\000e\000n\000s\000t\000r\000u\000k\000t\000u\000r}{section.2.1}% 8
\BOOKMARK [2][-]{subsection.2.1.2}{\376\377\000M\000a\000n\000i\000p\000u\000l\000a\000t\000i\000o\000n\000\040\000v\000o\000n\000\040\000S\000k\000i\000n\000s}{section.2.1}% 9
\BOOKMARK [1][-]{section.2.2}{\376\377\000K\000e\000y\000f\000r\000a\000m\000e\000s}{chapter.2}% 10
\BOOKMARK [1][-]{section.2.3}{\376\377\000I\000n\000t\000e\000r\000p\000o\000l\000i\000e\000r\000u\000n\000g}{chapter.2}% 11
\BOOKMARK [0][-]{chapter.3}{\376\377\000W\000e\000i\000t\000e\000r\000f\000\374\000h\000r\000e\000n\000e\000d\000e\000\040\000T\000e\000c\000h\000n\000i\000k\000e\000n}{}% 12
\BOOKMARK [1][-]{section.3.1}{\376\377\000V\000a\000r\000i\000i\000e\000r\000e\000n\000\040\000d\000e\000r\000\040\000I\000n\000t\000e\000r\000p\000o\000l\000i\000e\000r\000u\000n\000g\000s\000f\000u\000n\000k\000t\000i\000o\000n}{chapter.3}% 13
\BOOKMARK [1][-]{section.3.2}{\376\377\000I\000n\000v\000e\000r\000s\000e\000\040\000K\000i\000n\000e\000m\000a\000t\000i\000c\000s}{chapter.3}% 14
\BOOKMARK [2][-]{subsection.3.2.1}{\376\377\000A\000l\000g\000e\000b\000r\000a\000i\000s\000c\000h\000e\000\040\000M\000e\000t\000h\000o\000d\000e\000\040\000f\000\374\000r\000\040\0002\000\040\000G\000e\000l\000e\000n\000k\000e}{section.3.2}% 15
\BOOKMARK [2][-]{subsection.3.2.2}{\376\377\000C\000y\000c\000l\000i\000c\000\040\000C\000o\000o\000r\000d\000i\000n\000a\000t\000e\000\040\000D\000e\000s\000c\000e\000n\000t}{section.3.2}% 16
\BOOKMARK [1][-]{section.3.3}{\376\377\000A\000n\000i\000m\000a\000t\000i\000o\000n\000\040\000L\000a\000y\000e\000r\000i\000n\000g}{chapter.3}% 17
\BOOKMARK [1][-]{section.3.4}{\376\377\000A\000d\000d\000i\000t\000i\000v\000e\000\040\000A\000n\000i\000m\000a\000t\000i\000o\000n\000\040\000B\000l\000e\000n\000d\000i\000n\000g}{chapter.3}% 18
\BOOKMARK [1][-]{section.3.5}{\376\377\000M\000e\000s\000h\000e\000s}{chapter.3}% 19
\BOOKMARK [2][-]{subsection.3.5.1}{\376\377\000M\000e\000s\000h\000\040\000G\000e\000n\000e\000r\000i\000e\000r\000u\000n\000g}{section.3.5}% 20
\BOOKMARK [2][-]{subsection.3.5.2}{\376\377\000M\000e\000s\000h\000\040\000D\000e\000f\000o\000r\000m\000i\000e\000r\000u\000n\000g}{section.3.5}% 21
\BOOKMARK [0][-]{chapter.4}{\376\377\000E\000i\000n\000l\000e\000i\000t\000u\000n\000g}{}% 22
\BOOKMARK [1][-]{section.4.1}{\376\377\000A\000u\000f\000b\000a\000u\000\040\000d\000e\000s\000\040\000D\000o\000k\000u\000m\000e\000n\000t\000s}{chapter.4}% 23
\BOOKMARK [1][-]{section.4.2}{\376\377\000A\000b\000b\000i\000l\000d\000u\000n\000g\000e\000n}{chapter.4}% 24
\BOOKMARK [1][-]{section.4.3}{\376\377\000L\000i\000t\000e\000r\000a\000t\000u\000r\000v\000e\000r\000w\000e\000i\000s\000e}{chapter.4}% 25
\BOOKMARK [1][-]{section.4.4}{\376\377\000V\000e\000r\000w\000e\000n\000d\000u\000n\000g\000\040\000v\000o\000n\000\040\000F\000o\000r\000m\000e\000l\000n\000\040\000u\000n\000d\000\040\000T\000a\000b\000e\000l\000l\000e\000n}{chapter.4}% 26
\BOOKMARK [1][-]{section.4.5}{\376\377\000T\000i\000p\000p\000s}{chapter.4}% 27
\BOOKMARK [0][-]{appendix.A}{\376\377\000L\000o\000r\000e\000m\000\040\000I\000p\000s\000u\000m}{}% 28
\BOOKMARK [0][-]{appendix*.9}{\376\377\000G\000l\000o\000s\000s\000a\000r}{}% 29
\BOOKMARK [0][-]{appendix*.10}{\376\377\000L\000i\000t\000e\000r\000a\000t\000u\000r\000v\000e\000r\000z\000e\000i\000c\000h\000n\000i\000s}{}% 30
